<?xml version="1.0" encoding="UTF-8"?>
<testsuite name="Testing"
           tests="1"
           failures="1"
           errors="0"
           skipped="0"
           time="87.857">
  <properties />
            <testcase name="testNewClick" time="87.857" classname="Demo_Test_To_Apply_Commands">
                <failure type="java.lang.IllegalStateException"
                  message="No webdriver is bound to current thread: 29. You need to call open(url) first."
              >
<![CDATA[java.lang.IllegalStateException: No webdriver is bound to current thread: 29. You need to call open(url) first.
  com.codeborne.selenide.impl.WebDriverThreadLocalContainer.getWebDriver(WebDriverThreadLocalContainer.java:104)
  com.codeborne.selenide.WebDriverRunner.getWebDriver(WebDriverRunner.java:73)
  com.codeborne.selenide.impl.StaticDriver.getWebDriver(StaticDriver.java:37)
  com.codeborne.selenide.impl.ElementFinder.getSearchContext(ElementFinder.java:86)
  com.codeborne.selenide.impl.ElementFinder.getWebElement(ElementFinder.java:74)
  com.codeborne.selenide.impl.WebElementSource.checkCondition(WebElementSource.java:50)
  com.codeborne.selenide.impl.WebElementSource.findAndAssertElementIsInteractable(WebElementSource.java:87)
  com.codeborne.selenide.commands.SetValue.execute(SetValue.java:29)
  com.globalActivities.OverrideCommands$MySetValue.execute(OverrideCommands.java:157)
  com.globalActivities.OverrideCommands$MySetValue.execute(OverrideCommands.java:153)
  com.codeborne.selenide.commands.Commands.execute(Commands.java:148)
  com.codeborne.selenide.impl.SelenideElementProxy.dispatchAndRetry(SelenideElementProxy.java:99)
  com.codeborne.selenide.impl.SelenideElementProxy.invoke(SelenideElementProxy.java:65)
  com.sun.proxy.$Proxy12.setValue(Unknown Source)
  Demo_Test_To_Apply_Commands.testNewClick(Demo_Test_To_Apply_Commands.java:25)
  java.base/jdk.internal.reflect.NativeMethodAccessorImpl.invoke0(Native Method)
  java.base/jdk.internal.reflect.NativeMethodAccessorImpl.invoke(NativeMethodAccessorImpl.java:62)
  java.base/jdk.internal.reflect.DelegatingMethodAccessorImpl.invoke(DelegatingMethodAccessorImpl.java:43)
  java.base/java.lang.reflect.Method.invoke(Method.java:567)
  org.testng.internal.MethodInvocationHelper.invokeMethod(MethodInvocationHelper.java:133)
  org.testng.internal.TestInvoker.invokeMethod(TestInvoker.java:584)
  org.testng.internal.TestInvoker.invokeTestMethod(TestInvoker.java:172)
  org.testng.internal.MethodRunner.runInSequence(MethodRunner.java:46)
  org.testng.internal.TestInvoker$MethodInvocationAgent.invoke(TestInvoker.java:804)
  org.testng.internal.TestInvoker.invokeTestMethods(TestInvoker.java:145)
  org.testng.internal.TestMethodWorker.invokeTestMethods(TestMethodWorker.java:146)
  org.testng.internal.TestMethodWorker.run(TestMethodWorker.java:128)
  java.base/java.util.concurrent.ThreadPoolExecutor.runWorker(ThreadPoolExecutor.java:1128)
  java.base/java.util.concurrent.ThreadPoolExecutor$Worker.run(ThreadPoolExecutor.java:628)
  java.base/java.lang.Thread.run(Thread.java:835)
]]>
      </failure>

          </testcase>
  
  
  
</testsuite>
